::1 - - [09/Jun/2020:12:47:57 +0000] "GET /admin/products HTTP/1.1" 200 - "-" "Mozilla/5.0 (Windows NT 10.0; Win64; x64) AppleWebKit/537.36 (KHTML, like Gecko) Chrome/83.0.4103.97 Safari/537.36"
::1 - - [09/Jun/2020:12:47:58 +0000] "GET /css/product.css HTTP/1.1" 200 379 "http://localhost:4000/admin/products" "Mozilla/5.0 (Windows NT 10.0; Win64; x64) AppleWebKit/537.36 (KHTML, like Gecko) Chrome/83.0.4103.97 Safari/537.36"
::1 - - [09/Jun/2020:12:47:58 +0000] "GET /css/main.css HTTP/1.1" 200 - "http://localhost:4000/admin/products" "Mozilla/5.0 (Windows NT 10.0; Win64; x64) AppleWebKit/537.36 (KHTML, like Gecko) Chrome/83.0.4103.97 Safari/537.36"
::1 - - [09/Jun/2020:12:47:58 +0000] "GET /js/main.js HTTP/1.1" 200 519 "http://localhost:4000/admin/products" "Mozilla/5.0 (Windows NT 10.0; Win64; x64) AppleWebKit/537.36 (KHTML, like Gecko) Chrome/83.0.4103.97 Safari/537.36"
::1 - - [09/Jun/2020:12:47:58 +0000] "GET /js/admin.js HTTP/1.1" 200 655 "http://localhost:4000/admin/products" "Mozilla/5.0 (Windows NT 10.0; Win64; x64) AppleWebKit/537.36 (KHTML, like Gecko) Chrome/83.0.4103.97 Safari/537.36"
::1 - - [09/Jun/2020:12:47:58 +0000] "GET /images/1591312495223-5dc54830191d4f0e8e339f23b.jpg HTTP/1.1" 200 32934 "http://localhost:4000/admin/products" "Mozilla/5.0 (Windows NT 10.0; Win64; x64) AppleWebKit/537.36 (KHTML, like Gecko) Chrome/83.0.4103.97 Safari/537.36"
::1 - - [09/Jun/2020:12:47:58 +0000] "GET /images/1591330240288-college-football-general.jpg HTTP/1.1" 200 99480 "http://localhost:4000/admin/products" "Mozilla/5.0 (Windows NT 10.0; Win64; x64) AppleWebKit/537.36 (KHTML, like Gecko) Chrome/83.0.4103.97 Safari/537.36"
::1 - - [09/Jun/2020:12:47:58 +0000] "GET /images/1591330156321-0_GettyImages-1210995196.jpg HTTP/1.1" 200 37734 "http://localhost:4000/admin/products" "Mozilla/5.0 (Windows NT 10.0; Win64; x64) AppleWebKit/537.36 (KHTML, like Gecko) Chrome/83.0.4103.97 Safari/537.36"
::1 - - [09/Jun/2020:16:44:29 +0000] "GET / HTTP/1.1" 200 5423 "-" "Mozilla/5.0 (Windows NT 10.0; Win64; x64) AppleWebKit/537.36 (KHTML, like Gecko) Chrome/83.0.4103.97 Safari/537.36"
::1 - - [09/Jun/2020:16:44:29 +0000] "GET /css/main.css HTTP/1.1" 304 - "http://localhost:4000/" "Mozilla/5.0 (Windows NT 10.0; Win64; x64) AppleWebKit/537.36 (KHTML, like Gecko) Chrome/83.0.4103.97 Safari/537.36"
::1 - - [09/Jun/2020:16:44:29 +0000] "GET /css/product.css HTTP/1.1" 304 - "http://localhost:4000/" "Mozilla/5.0 (Windows NT 10.0; Win64; x64) AppleWebKit/537.36 (KHTML, like Gecko) Chrome/83.0.4103.97 Safari/537.36"
::1 - - [09/Jun/2020:16:44:29 +0000] "GET /images/1591312495223-5dc54830191d4f0e8e339f23b.jpg HTTP/1.1" 304 - "http://localhost:4000/" "Mozilla/5.0 (Windows NT 10.0; Win64; x64) AppleWebKit/537.36 (KHTML, like Gecko) Chrome/83.0.4103.97 Safari/537.36"
::1 - - [09/Jun/2020:16:44:29 +0000] "GET /images/1591330156321-0_GettyImages-1210995196.jpg HTTP/1.1" 304 - "http://localhost:4000/" "Mozilla/5.0 (Windows NT 10.0; Win64; x64) AppleWebKit/537.36 (KHTML, like Gecko) Chrome/83.0.4103.97 Safari/537.36"
::1 - - [09/Jun/2020:16:44:29 +0000] "GET /js/main.js HTTP/1.1" 304 - "http://localhost:4000/" "Mozilla/5.0 (Windows NT 10.0; Win64; x64) AppleWebKit/537.36 (KHTML, like Gecko) Chrome/83.0.4103.97 Safari/537.36"
::1 - - [09/Jun/2020:16:44:30 +0000] "GET /favicon.ico HTTP/1.1" 404 2985 "http://localhost:4000/" "Mozilla/5.0 (Windows NT 10.0; Win64; x64) AppleWebKit/537.36 (KHTML, like Gecko) Chrome/83.0.4103.97 Safari/537.36"
::1 - - [09/Jun/2020:16:44:33 +0000] "GET /?page=2 HTTP/1.1" 200 4348 "http://localhost:4000/" "Mozilla/5.0 (Windows NT 10.0; Win64; x64) AppleWebKit/537.36 (KHTML, like Gecko) Chrome/83.0.4103.97 Safari/537.36"
::1 - - [09/Jun/2020:16:44:33 +0000] "GET /css/main.css HTTP/1.1" 304 - "http://localhost:4000/?page=2" "Mozilla/5.0 (Windows NT 10.0; Win64; x64) AppleWebKit/537.36 (KHTML, like Gecko) Chrome/83.0.4103.97 Safari/537.36"
::1 - - [09/Jun/2020:16:44:33 +0000] "GET /css/product.css HTTP/1.1" 304 - "http://localhost:4000/?page=2" "Mozilla/5.0 (Windows NT 10.0; Win64; x64) AppleWebKit/537.36 (KHTML, like Gecko) Chrome/83.0.4103.97 Safari/537.36"
::1 - - [09/Jun/2020:16:44:33 +0000] "GET /js/main.js HTTP/1.1" 304 - "http://localhost:4000/?page=2" "Mozilla/5.0 (Windows NT 10.0; Win64; x64) AppleWebKit/537.36 (KHTML, like Gecko) Chrome/83.0.4103.97 Safari/537.36"
::1 - - [09/Jun/2020:16:44:33 +0000] "GET /images/1591330240288-college-football-general.jpg HTTP/1.1" 304 - "http://localhost:4000/?page=2" "Mozilla/5.0 (Windows NT 10.0; Win64; x64) AppleWebKit/537.36 (KHTML, like Gecko) Chrome/83.0.4103.97 Safari/537.36"
::1 - - [09/Jun/2020:16:44:35 +0000] "GET /?page=1 HTTP/1.1" 200 5423 "http://localhost:4000/?page=2" "Mozilla/5.0 (Windows NT 10.0; Win64; x64) AppleWebKit/537.36 (KHTML, like Gecko) Chrome/83.0.4103.97 Safari/537.36"
::1 - - [09/Jun/2020:16:44:35 +0000] "GET /css/main.css HTTP/1.1" 304 - "http://localhost:4000/?page=1" "Mozilla/5.0 (Windows NT 10.0; Win64; x64) AppleWebKit/537.36 (KHTML, like Gecko) Chrome/83.0.4103.97 Safari/537.36"
::1 - - [09/Jun/2020:16:44:35 +0000] "GET /css/product.css HTTP/1.1" 304 - "http://localhost:4000/?page=1" "Mozilla/5.0 (Windows NT 10.0; Win64; x64) AppleWebKit/537.36 (KHTML, like Gecko) Chrome/83.0.4103.97 Safari/537.36"
::1 - - [09/Jun/2020:16:44:35 +0000] "GET /js/main.js HTTP/1.1" 304 - "http://localhost:4000/?page=1" "Mozilla/5.0 (Windows NT 10.0; Win64; x64) AppleWebKit/537.36 (KHTML, like Gecko) Chrome/83.0.4103.97 Safari/537.36"
::1 - - [09/Jun/2020:16:44:35 +0000] "GET /images/1591312495223-5dc54830191d4f0e8e339f23b.jpg HTTP/1.1" 304 - "http://localhost:4000/?page=1" "Mozilla/5.0 (Windows NT 10.0; Win64; x64) AppleWebKit/537.36 (KHTML, like Gecko) Chrome/83.0.4103.97 Safari/537.36"
::1 - - [09/Jun/2020:16:44:35 +0000] "GET /images/1591330156321-0_GettyImages-1210995196.jpg HTTP/1.1" 304 - "http://localhost:4000/?page=1" "Mozilla/5.0 (Windows NT 10.0; Win64; x64) AppleWebKit/537.36 (KHTML, like Gecko) Chrome/83.0.4103.97 Safari/537.36"
::1 - - [09/Jun/2020:16:44:38 +0000] "GET /products/5ed9806fbb25fe31f469b239 HTTP/1.1" 200 3529 "http://localhost:4000/?page=1" "Mozilla/5.0 (Windows NT 10.0; Win64; x64) AppleWebKit/537.36 (KHTML, like Gecko) Chrome/83.0.4103.97 Safari/537.36"
::1 - - [09/Jun/2020:16:44:38 +0000] "GET /css/main.css HTTP/1.1" 304 - "http://localhost:4000/products/5ed9806fbb25fe31f469b239" "Mozilla/5.0 (Windows NT 10.0; Win64; x64) AppleWebKit/537.36 (KHTML, like Gecko) Chrome/83.0.4103.97 Safari/537.36"
::1 - - [09/Jun/2020:16:44:38 +0000] "GET /images/1591312495223-5dc54830191d4f0e8e339f23b.jpg HTTP/1.1" 304 - "http://localhost:4000/products/5ed9806fbb25fe31f469b239" "Mozilla/5.0 (Windows NT 10.0; Win64; x64) AppleWebKit/537.36 (KHTML, like Gecko) Chrome/83.0.4103.97 Safari/537.36"
::1 - - [09/Jun/2020:16:44:38 +0000] "GET /js/main.js HTTP/1.1" 304 - "http://localhost:4000/products/5ed9806fbb25fe31f469b239" "Mozilla/5.0 (Windows NT 10.0; Win64; x64) AppleWebKit/537.36 (KHTML, like Gecko) Chrome/83.0.4103.97 Safari/537.36"
::1 - - [09/Jun/2020:16:44:41 +0000] "GET /admin/products HTTP/1.1" 200 6784 "http://localhost:4000/products/5ed9806fbb25fe31f469b239" "Mozilla/5.0 (Windows NT 10.0; Win64; x64) AppleWebKit/537.36 (KHTML, like Gecko) Chrome/83.0.4103.97 Safari/537.36"
::1 - - [09/Jun/2020:16:44:41 +0000] "GET /css/main.css HTTP/1.1" 304 - "http://localhost:4000/admin/products" "Mozilla/5.0 (Windows NT 10.0; Win64; x64) AppleWebKit/537.36 (KHTML, like Gecko) Chrome/83.0.4103.97 Safari/537.36"
::1 - - [09/Jun/2020:16:44:41 +0000] "GET /css/product.css HTTP/1.1" 304 - "http://localhost:4000/admin/products" "Mozilla/5.0 (Windows NT 10.0; Win64; x64) AppleWebKit/537.36 (KHTML, like Gecko) Chrome/83.0.4103.97 Safari/537.36"
::1 - - [09/Jun/2020:16:44:41 +0000] "GET /js/main.js HTTP/1.1" 304 - "http://localhost:4000/admin/products" "Mozilla/5.0 (Windows NT 10.0; Win64; x64) AppleWebKit/537.36 (KHTML, like Gecko) Chrome/83.0.4103.97 Safari/537.36"
::1 - - [09/Jun/2020:16:44:41 +0000] "GET /js/admin.js HTTP/1.1" 304 - "http://localhost:4000/admin/products" "Mozilla/5.0 (Windows NT 10.0; Win64; x64) AppleWebKit/537.36 (KHTML, like Gecko) Chrome/83.0.4103.97 Safari/537.36"
::1 - - [09/Jun/2020:16:44:41 +0000] "GET /images/1591312495223-5dc54830191d4f0e8e339f23b.jpg HTTP/1.1" 304 - "http://localhost:4000/admin/products" "Mozilla/5.0 (Windows NT 10.0; Win64; x64) AppleWebKit/537.36 (KHTML, like Gecko) Chrome/83.0.4103.97 Safari/537.36"
::1 - - [09/Jun/2020:16:44:41 +0000] "GET /images/1591330156321-0_GettyImages-1210995196.jpg HTTP/1.1" 304 - "http://localhost:4000/admin/products" "Mozilla/5.0 (Windows NT 10.0; Win64; x64) AppleWebKit/537.36 (KHTML, like Gecko) Chrome/83.0.4103.97 Safari/537.36"
::1 - - [09/Jun/2020:16:44:41 +0000] "GET /images/1591330240288-college-football-general.jpg HTTP/1.1" 304 - "http://localhost:4000/admin/products" "Mozilla/5.0 (Windows NT 10.0; Win64; x64) AppleWebKit/537.36 (KHTML, like Gecko) Chrome/83.0.4103.97 Safari/537.36"
::1 - - [09/Jun/2020:16:44:42 +0000] "GET /admin/edit-product/5ed9806fbb25fe31f469b239?edit=true HTTP/1.1" 200 4704 "http://localhost:4000/admin/products" "Mozilla/5.0 (Windows NT 10.0; Win64; x64) AppleWebKit/537.36 (KHTML, like Gecko) Chrome/83.0.4103.97 Safari/537.36"
::1 - - [09/Jun/2020:16:44:42 +0000] "GET /css/main.css HTTP/1.1" 304 - "http://localhost:4000/admin/edit-product/5ed9806fbb25fe31f469b239?edit=true" "Mozilla/5.0 (Windows NT 10.0; Win64; x64) AppleWebKit/537.36 (KHTML, like Gecko) Chrome/83.0.4103.97 Safari/537.36"
::1 - - [09/Jun/2020:16:44:42 +0000] "GET /css/forms.css HTTP/1.1" 304 - "http://localhost:4000/admin/edit-product/5ed9806fbb25fe31f469b239?edit=true" "Mozilla/5.0 (Windows NT 10.0; Win64; x64) AppleWebKit/537.36 (KHTML, like Gecko) Chrome/83.0.4103.97 Safari/537.36"
::1 - - [09/Jun/2020:16:44:42 +0000] "GET /css/product.css HTTP/1.1" 304 - "http://localhost:4000/admin/edit-product/5ed9806fbb25fe31f469b239?edit=true" "Mozilla/5.0 (Windows NT 10.0; Win64; x64) AppleWebKit/537.36 (KHTML, like Gecko) Chrome/83.0.4103.97 Safari/537.36"
::1 - - [09/Jun/2020:16:44:42 +0000] "GET /js/main.js HTTP/1.1" 304 - "http://localhost:4000/admin/edit-product/5ed9806fbb25fe31f469b239?edit=true" "Mozilla/5.0 (Windows NT 10.0; Win64; x64) AppleWebKit/537.36 (KHTML, like Gecko) Chrome/83.0.4103.97 Safari/537.36"
::1 - - [09/Jun/2020:16:44:55 +0000] "POST /admin/edit-product HTTP/1.1" 302 74 "http://localhost:4000/admin/edit-product/5ed9806fbb25fe31f469b239?edit=true" "Mozilla/5.0 (Windows NT 10.0; Win64; x64) AppleWebKit/537.36 (KHTML, like Gecko) Chrome/83.0.4103.97 Safari/537.36"
::1 - - [09/Jun/2020:16:44:55 +0000] "GET /admin/products HTTP/1.1" 200 6797 "http://localhost:4000/admin/edit-product/5ed9806fbb25fe31f469b239?edit=true" "Mozilla/5.0 (Windows NT 10.0; Win64; x64) AppleWebKit/537.36 (KHTML, like Gecko) Chrome/83.0.4103.97 Safari/537.36"
::1 - - [09/Jun/2020:16:44:55 +0000] "GET /css/main.css HTTP/1.1" 304 - "http://localhost:4000/admin/products" "Mozilla/5.0 (Windows NT 10.0; Win64; x64) AppleWebKit/537.36 (KHTML, like Gecko) Chrome/83.0.4103.97 Safari/537.36"
::1 - - [09/Jun/2020:16:44:55 +0000] "GET /css/product.css HTTP/1.1" 304 - "http://localhost:4000/admin/products" "Mozilla/5.0 (Windows NT 10.0; Win64; x64) AppleWebKit/537.36 (KHTML, like Gecko) Chrome/83.0.4103.97 Safari/537.36"
::1 - - [09/Jun/2020:16:44:55 +0000] "GET /js/main.js HTTP/1.1" 304 - "http://localhost:4000/admin/products" "Mozilla/5.0 (Windows NT 10.0; Win64; x64) AppleWebKit/537.36 (KHTML, like Gecko) Chrome/83.0.4103.97 Safari/537.36"
::1 - - [09/Jun/2020:16:44:55 +0000] "GET /js/admin.js HTTP/1.1" 304 - "http://localhost:4000/admin/products" "Mozilla/5.0 (Windows NT 10.0; Win64; x64) AppleWebKit/537.36 (KHTML, like Gecko) Chrome/83.0.4103.97 Safari/537.36"
::1 - - [09/Jun/2020:16:44:55 +0000] "GET /images/1591312495223-5dc54830191d4f0e8e339f23b.jpg HTTP/1.1" 304 - "http://localhost:4000/admin/products" "Mozilla/5.0 (Windows NT 10.0; Win64; x64) AppleWebKit/537.36 (KHTML, like Gecko) Chrome/83.0.4103.97 Safari/537.36"
::1 - - [09/Jun/2020:16:44:55 +0000] "GET /images/1591330156321-0_GettyImages-1210995196.jpg HTTP/1.1" 304 - "http://localhost:4000/admin/products" "Mozilla/5.0 (Windows NT 10.0; Win64; x64) AppleWebKit/537.36 (KHTML, like Gecko) Chrome/83.0.4103.97 Safari/537.36"
::1 - - [09/Jun/2020:16:44:55 +0000] "GET /images/1591330240288-college-football-general.jpg HTTP/1.1" 304 - "http://localhost:4000/admin/products" "Mozilla/5.0 (Windows NT 10.0; Win64; x64) AppleWebKit/537.36 (KHTML, like Gecko) Chrome/83.0.4103.97 Safari/537.36"
::1 - - [09/Jun/2020:16:45:00 +0000] "GET /admin/edit-product/5ed9806fbb25fe31f469b239?edit=true HTTP/1.1" 200 4712 "http://localhost:4000/admin/products" "Mozilla/5.0 (Windows NT 10.0; Win64; x64) AppleWebKit/537.36 (KHTML, like Gecko) Chrome/83.0.4103.97 Safari/537.36"
::1 - - [09/Jun/2020:16:45:00 +0000] "GET /css/main.css HTTP/1.1" 304 - "http://localhost:4000/admin/edit-product/5ed9806fbb25fe31f469b239?edit=true" "Mozilla/5.0 (Windows NT 10.0; Win64; x64) AppleWebKit/537.36 (KHTML, like Gecko) Chrome/83.0.4103.97 Safari/537.36"
::1 - - [09/Jun/2020:16:45:00 +0000] "GET /css/forms.css HTTP/1.1" 304 - "http://localhost:4000/admin/edit-product/5ed9806fbb25fe31f469b239?edit=true" "Mozilla/5.0 (Windows NT 10.0; Win64; x64) AppleWebKit/537.36 (KHTML, like Gecko) Chrome/83.0.4103.97 Safari/537.36"
::1 - - [09/Jun/2020:16:45:00 +0000] "GET /css/product.css HTTP/1.1" 304 - "http://localhost:4000/admin/edit-product/5ed9806fbb25fe31f469b239?edit=true" "Mozilla/5.0 (Windows NT 10.0; Win64; x64) AppleWebKit/537.36 (KHTML, like Gecko) Chrome/83.0.4103.97 Safari/537.36"
::1 - - [09/Jun/2020:16:45:00 +0000] "GET /js/main.js HTTP/1.1" 304 - "http://localhost:4000/admin/edit-product/5ed9806fbb25fe31f469b239?edit=true" "Mozilla/5.0 (Windows NT 10.0; Win64; x64) AppleWebKit/537.36 (KHTML, like Gecko) Chrome/83.0.4103.97 Safari/537.36"
::1 - - [09/Jun/2020:16:45:09 +0000] "POST /admin/edit-product HTTP/1.1" 302 74 "http://localhost:4000/admin/edit-product/5ed9806fbb25fe31f469b239?edit=true" "Mozilla/5.0 (Windows NT 10.0; Win64; x64) AppleWebKit/537.36 (KHTML, like Gecko) Chrome/83.0.4103.97 Safari/537.36"
::1 - - [09/Jun/2020:16:45:09 +0000] "GET /admin/products HTTP/1.1" 200 6804 "http://localhost:4000/admin/edit-product/5ed9806fbb25fe31f469b239?edit=true" "Mozilla/5.0 (Windows NT 10.0; Win64; x64) AppleWebKit/537.36 (KHTML, like Gecko) Chrome/83.0.4103.97 Safari/537.36"
::1 - - [09/Jun/2020:16:45:09 +0000] "GET /css/main.css HTTP/1.1" 304 - "http://localhost:4000/admin/products" "Mozilla/5.0 (Windows NT 10.0; Win64; x64) AppleWebKit/537.36 (KHTML, like Gecko) Chrome/83.0.4103.97 Safari/537.36"
::1 - - [09/Jun/2020:16:45:09 +0000] "GET /css/product.css HTTP/1.1" 304 - "http://localhost:4000/admin/products" "Mozilla/5.0 (Windows NT 10.0; Win64; x64) AppleWebKit/537.36 (KHTML, like Gecko) Chrome/83.0.4103.97 Safari/537.36"
::1 - - [09/Jun/2020:16:45:09 +0000] "GET /js/main.js HTTP/1.1" 304 - "http://localhost:4000/admin/products" "Mozilla/5.0 (Windows NT 10.0; Win64; x64) AppleWebKit/537.36 (KHTML, like Gecko) Chrome/83.0.4103.97 Safari/537.36"
::1 - - [09/Jun/2020:16:45:09 +0000] "GET /js/admin.js HTTP/1.1" 304 - "http://localhost:4000/admin/products" "Mozilla/5.0 (Windows NT 10.0; Win64; x64) AppleWebKit/537.36 (KHTML, like Gecko) Chrome/83.0.4103.97 Safari/537.36"
::1 - - [09/Jun/2020:16:45:09 +0000] "GET /images/1591312495223-5dc54830191d4f0e8e339f23b.jpg HTTP/1.1" 304 - "http://localhost:4000/admin/products" "Mozilla/5.0 (Windows NT 10.0; Win64; x64) AppleWebKit/537.36 (KHTML, like Gecko) Chrome/83.0.4103.97 Safari/537.36"
::1 - - [09/Jun/2020:16:45:09 +0000] "GET /images/1591330156321-0_GettyImages-1210995196.jpg HTTP/1.1" 304 - "http://localhost:4000/admin/products" "Mozilla/5.0 (Windows NT 10.0; Win64; x64) AppleWebKit/537.36 (KHTML, like Gecko) Chrome/83.0.4103.97 Safari/537.36"
::1 - - [09/Jun/2020:16:45:09 +0000] "GET /images/1591330240288-college-football-general.jpg HTTP/1.1" 304 - "http://localhost:4000/admin/products" "Mozilla/5.0 (Windows NT 10.0; Win64; x64) AppleWebKit/537.36 (KHTML, like Gecko) Chrome/83.0.4103.97 Safari/537.36"
::1 - - [09/Jun/2020:16:45:17 +0000] "POST /logout HTTP/1.1" 302 46 "http://localhost:4000/admin/products" "Mozilla/5.0 (Windows NT 10.0; Win64; x64) AppleWebKit/537.36 (KHTML, like Gecko) Chrome/83.0.4103.97 Safari/537.36"
::1 - - [09/Jun/2020:16:45:17 +0000] "GET / HTTP/1.1" 200 3592 "http://localhost:4000/admin/products" "Mozilla/5.0 (Windows NT 10.0; Win64; x64) AppleWebKit/537.36 (KHTML, like Gecko) Chrome/83.0.4103.97 Safari/537.36"
::1 - - [09/Jun/2020:16:45:17 +0000] "GET /css/main.css HTTP/1.1" 304 - "http://localhost:4000/" "Mozilla/5.0 (Windows NT 10.0; Win64; x64) AppleWebKit/537.36 (KHTML, like Gecko) Chrome/83.0.4103.97 Safari/537.36"
::1 - - [09/Jun/2020:16:45:17 +0000] "GET /css/product.css HTTP/1.1" 304 - "http://localhost:4000/" "Mozilla/5.0 (Windows NT 10.0; Win64; x64) AppleWebKit/537.36 (KHTML, like Gecko) Chrome/83.0.4103.97 Safari/537.36"
::1 - - [09/Jun/2020:16:45:17 +0000] "GET /js/main.js HTTP/1.1" 304 - "http://localhost:4000/" "Mozilla/5.0 (Windows NT 10.0; Win64; x64) AppleWebKit/537.36 (KHTML, like Gecko) Chrome/83.0.4103.97 Safari/537.36"
::1 - - [09/Jun/2020:16:45:17 +0000] "GET /images/1591312495223-5dc54830191d4f0e8e339f23b.jpg HTTP/1.1" 304 - "http://localhost:4000/" "Mozilla/5.0 (Windows NT 10.0; Win64; x64) AppleWebKit/537.36 (KHTML, like Gecko) Chrome/83.0.4103.97 Safari/537.36"
::1 - - [09/Jun/2020:16:45:17 +0000] "GET /images/1591330156321-0_GettyImages-1210995196.jpg HTTP/1.1" 304 - "http://localhost:4000/" "Mozilla/5.0 (Windows NT 10.0; Win64; x64) AppleWebKit/537.36 (KHTML, like Gecko) Chrome/83.0.4103.97 Safari/537.36"
::1 - - [10/Jun/2020:07:44:26 +0000] "GET / HTTP/1.1" 304 - "-" "Mozilla/5.0 (Windows NT 10.0; Win64; x64) AppleWebKit/537.36 (KHTML, like Gecko) Chrome/83.0.4103.97 Safari/537.36"
::1 - - [10/Jun/2020:07:44:26 +0000] "GET /css/main.css HTTP/1.1" 304 - "http://localhost:4000/" "Mozilla/5.0 (Windows NT 10.0; Win64; x64) AppleWebKit/537.36 (KHTML, like Gecko) Chrome/83.0.4103.97 Safari/537.36"
::1 - - [10/Jun/2020:07:44:26 +0000] "GET /css/product.css HTTP/1.1" 304 - "http://localhost:4000/" "Mozilla/5.0 (Windows NT 10.0; Win64; x64) AppleWebKit/537.36 (KHTML, like Gecko) Chrome/83.0.4103.97 Safari/537.36"
::1 - - [10/Jun/2020:07:44:26 +0000] "GET /js/main.js HTTP/1.1" 304 - "http://localhost:4000/" "Mozilla/5.0 (Windows NT 10.0; Win64; x64) AppleWebKit/537.36 (KHTML, like Gecko) Chrome/83.0.4103.97 Safari/537.36"
::1 - - [10/Jun/2020:07:44:26 +0000] "GET /images/1591312495223-5dc54830191d4f0e8e339f23b.jpg HTTP/1.1" 304 - "http://localhost:4000/" "Mozilla/5.0 (Windows NT 10.0; Win64; x64) AppleWebKit/537.36 (KHTML, like Gecko) Chrome/83.0.4103.97 Safari/537.36"
::1 - - [10/Jun/2020:07:44:26 +0000] "GET /images/1591330156321-0_GettyImages-1210995196.jpg HTTP/1.1" 304 - "http://localhost:4000/" "Mozilla/5.0 (Windows NT 10.0; Win64; x64) AppleWebKit/537.36 (KHTML, like Gecko) Chrome/83.0.4103.97 Safari/537.36"
::1 - - [10/Jun/2020:07:44:26 +0000] "GET /favicon.ico HTTP/1.1" 404 1754 "http://localhost:4000/" "Mozilla/5.0 (Windows NT 10.0; Win64; x64) AppleWebKit/537.36 (KHTML, like Gecko) Chrome/83.0.4103.97 Safari/537.36"
::1 - - [10/Jun/2020:07:44:28 +0000] "GET /css/main.css HTTP/1.1" 304 - "http://localhost:4000/login" "Mozilla/5.0 (Windows NT 10.0; Win64; x64) AppleWebKit/537.36 (KHTML, like Gecko) Chrome/83.0.4103.97 Safari/537.36"
::1 - - [10/Jun/2020:07:44:28 +0000] "GET /css/forms.css HTTP/1.1" 304 - "http://localhost:4000/login" "Mozilla/5.0 (Windows NT 10.0; Win64; x64) AppleWebKit/537.36 (KHTML, like Gecko) Chrome/83.0.4103.97 Safari/537.36"
::1 - - [10/Jun/2020:07:44:28 +0000] "GET /css/auth.css HTTP/1.1" 304 - "http://localhost:4000/login" "Mozilla/5.0 (Windows NT 10.0; Win64; x64) AppleWebKit/537.36 (KHTML, like Gecko) Chrome/83.0.4103.97 Safari/537.36"
::1 - - [10/Jun/2020:07:44:28 +0000] "GET /js/main.js HTTP/1.1" 304 - "http://localhost:4000/login" "Mozilla/5.0 (Windows NT 10.0; Win64; x64) AppleWebKit/537.36 (KHTML, like Gecko) Chrome/83.0.4103.97 Safari/537.36"
::1 - - [10/Jun/2020:07:44:28 +0000] "GET /login HTTP/1.1" 200 2630 "http://localhost:4000/" "Mozilla/5.0 (Windows NT 10.0; Win64; x64) AppleWebKit/537.36 (KHTML, like Gecko) Chrome/83.0.4103.97 Safari/537.36"
::1 - - [10/Jun/2020:07:44:35 +0000] "GET /signup HTTP/1.1" 200 2945 "http://localhost:4000/login" "Mozilla/5.0 (Windows NT 10.0; Win64; x64) AppleWebKit/537.36 (KHTML, like Gecko) Chrome/83.0.4103.97 Safari/537.36"
::1 - - [10/Jun/2020:07:44:35 +0000] "GET /css/main.css HTTP/1.1" 304 - "http://localhost:4000/signup" "Mozilla/5.0 (Windows NT 10.0; Win64; x64) AppleWebKit/537.36 (KHTML, like Gecko) Chrome/83.0.4103.97 Safari/537.36"
::1 - - [10/Jun/2020:07:44:35 +0000] "GET /css/forms.css HTTP/1.1" 304 - "http://localhost:4000/signup" "Mozilla/5.0 (Windows NT 10.0; Win64; x64) AppleWebKit/537.36 (KHTML, like Gecko) Chrome/83.0.4103.97 Safari/537.36"
::1 - - [10/Jun/2020:07:44:35 +0000] "GET /css/auth.css HTTP/1.1" 304 - "http://localhost:4000/signup" "Mozilla/5.0 (Windows NT 10.0; Win64; x64) AppleWebKit/537.36 (KHTML, like Gecko) Chrome/83.0.4103.97 Safari/537.36"
::1 - - [10/Jun/2020:07:44:35 +0000] "GET /js/main.js HTTP/1.1" 304 - "http://localhost:4000/signup" "Mozilla/5.0 (Windows NT 10.0; Win64; x64) AppleWebKit/537.36 (KHTML, like Gecko) Chrome/83.0.4103.97 Safari/537.36"
::1 - - [10/Jun/2020:07:44:36 +0000] "GET /login HTTP/1.1" 200 2630 "http://localhost:4000/signup" "Mozilla/5.0 (Windows NT 10.0; Win64; x64) AppleWebKit/537.36 (KHTML, like Gecko) Chrome/83.0.4103.97 Safari/537.36"
::1 - - [10/Jun/2020:07:44:36 +0000] "GET /css/main.css HTTP/1.1" 304 - "http://localhost:4000/login" "Mozilla/5.0 (Windows NT 10.0; Win64; x64) AppleWebKit/537.36 (KHTML, like Gecko) Chrome/83.0.4103.97 Safari/537.36"
::1 - - [10/Jun/2020:07:44:36 +0000] "GET /css/forms.css HTTP/1.1" 304 - "http://localhost:4000/login" "Mozilla/5.0 (Windows NT 10.0; Win64; x64) AppleWebKit/537.36 (KHTML, like Gecko) Chrome/83.0.4103.97 Safari/537.36"
::1 - - [10/Jun/2020:07:44:36 +0000] "GET /css/auth.css HTTP/1.1" 304 - "http://localhost:4000/login" "Mozilla/5.0 (Windows NT 10.0; Win64; x64) AppleWebKit/537.36 (KHTML, like Gecko) Chrome/83.0.4103.97 Safari/537.36"
::1 - - [10/Jun/2020:07:44:36 +0000] "GET /js/main.js HTTP/1.1" 304 - "http://localhost:4000/login" "Mozilla/5.0 (Windows NT 10.0; Win64; x64) AppleWebKit/537.36 (KHTML, like Gecko) Chrome/83.0.4103.97 Safari/537.36"
::1 - - [24/Aug/2020:19:24:09 +0000] "GET /css/product.css HTTP/1.1" 304 - "http://localhost:4000/" "Mozilla/5.0 (Windows NT 10.0; Win64; x64) AppleWebKit/537.36 (KHTML, like Gecko) Chrome/84.0.4147.135 Safari/537.36"
::1 - - [24/Aug/2020:19:24:09 +0000] "GET / HTTP/1.1" 200 3592 "-" "Mozilla/5.0 (Windows NT 10.0; Win64; x64) AppleWebKit/537.36 (KHTML, like Gecko) Chrome/84.0.4147.135 Safari/537.36"
::1 - - [24/Aug/2020:19:24:09 +0000] "GET /css/main.css HTTP/1.1" 200 3951 "http://localhost:4000/" "Mozilla/5.0 (Windows NT 10.0; Win64; x64) AppleWebKit/537.36 (KHTML, like Gecko) Chrome/84.0.4147.135 Safari/537.36"
::1 - - [24/Aug/2020:19:24:09 +0000] "GET /js/main.js HTTP/1.1" 304 - "http://localhost:4000/" "Mozilla/5.0 (Windows NT 10.0; Win64; x64) AppleWebKit/537.36 (KHTML, like Gecko) Chrome/84.0.4147.135 Safari/537.36"
::1 - - [24/Aug/2020:19:24:09 +0000] "GET /images/1591330156321-0_GettyImages-1210995196.jpg HTTP/1.1" 200 37734 "http://localhost:4000/" "Mozilla/5.0 (Windows NT 10.0; Win64; x64) AppleWebKit/537.36 (KHTML, like Gecko) Chrome/84.0.4147.135 Safari/537.36"
::1 - - [24/Aug/2020:19:24:09 +0000] "GET /images/1591312495223-5dc54830191d4f0e8e339f23b.jpg HTTP/1.1" 200 32934 "http://localhost:4000/" "Mozilla/5.0 (Windows NT 10.0; Win64; x64) AppleWebKit/537.36 (KHTML, like Gecko) Chrome/84.0.4147.135 Safari/537.36"
::1 - - [24/Aug/2020:19:24:11 +0000] "GET /css/main.css HTTP/1.1" 304 - "http://localhost:4000/signup" "Mozilla/5.0 (Windows NT 10.0; Win64; x64) AppleWebKit/537.36 (KHTML, like Gecko) Chrome/84.0.4147.135 Safari/537.36"
::1 - - [24/Aug/2020:19:24:11 +0000] "GET /signup HTTP/1.1" 200 2945 "http://localhost:4000/" "Mozilla/5.0 (Windows NT 10.0; Win64; x64) AppleWebKit/537.36 (KHTML, like Gecko) Chrome/84.0.4147.135 Safari/537.36"
::1 - - [24/Aug/2020:19:24:11 +0000] "GET /js/main.js HTTP/1.1" 304 - "http://localhost:4000/signup" "Mozilla/5.0 (Windows NT 10.0; Win64; x64) AppleWebKit/537.36 (KHTML, like Gecko) Chrome/84.0.4147.135 Safari/537.36"
::1 - - [24/Aug/2020:19:24:11 +0000] "GET /css/auth.css HTTP/1.1" 200 96 "http://localhost:4000/signup" "Mozilla/5.0 (Windows NT 10.0; Win64; x64) AppleWebKit/537.36 (KHTML, like Gecko) Chrome/84.0.4147.135 Safari/537.36"
::1 - - [24/Aug/2020:19:24:11 +0000] "GET /css/forms.css HTTP/1.1" 200 455 "http://localhost:4000/signup" "Mozilla/5.0 (Windows NT 10.0; Win64; x64) AppleWebKit/537.36 (KHTML, like Gecko) Chrome/84.0.4147.135 Safari/537.36"
::1 - - [24/Aug/2020:19:24:12 +0000] "GET /login HTTP/1.1" 200 2630 "http://localhost:4000/signup" "Mozilla/5.0 (Windows NT 10.0; Win64; x64) AppleWebKit/537.36 (KHTML, like Gecko) Chrome/84.0.4147.135 Safari/537.36"
::1 - - [24/Aug/2020:19:24:12 +0000] "GET /css/main.css HTTP/1.1" 304 - "http://localhost:4000/login" "Mozilla/5.0 (Windows NT 10.0; Win64; x64) AppleWebKit/537.36 (KHTML, like Gecko) Chrome/84.0.4147.135 Safari/537.36"
::1 - - [24/Aug/2020:19:24:12 +0000] "GET /css/forms.css HTTP/1.1" 304 - "http://localhost:4000/login" "Mozilla/5.0 (Windows NT 10.0; Win64; x64) AppleWebKit/537.36 (KHTML, like Gecko) Chrome/84.0.4147.135 Safari/537.36"
::1 - - [24/Aug/2020:19:24:12 +0000] "GET /css/auth.css HTTP/1.1" 304 - "http://localhost:4000/login" "Mozilla/5.0 (Windows NT 10.0; Win64; x64) AppleWebKit/537.36 (KHTML, like Gecko) Chrome/84.0.4147.135 Safari/537.36"
::1 - - [24/Aug/2020:19:24:12 +0000] "GET /js/main.js HTTP/1.1" 304 - "http://localhost:4000/login" "Mozilla/5.0 (Windows NT 10.0; Win64; x64) AppleWebKit/537.36 (KHTML, like Gecko) Chrome/84.0.4147.135 Safari/537.36"
::1 - - [24/Aug/2020:19:24:13 +0000] "GET /signup HTTP/1.1" 200 2945 "http://localhost:4000/login" "Mozilla/5.0 (Windows NT 10.0; Win64; x64) AppleWebKit/537.36 (KHTML, like Gecko) Chrome/84.0.4147.135 Safari/537.36"
::1 - - [24/Aug/2020:19:24:13 +0000] "GET /css/main.css HTTP/1.1" 304 - "http://localhost:4000/signup" "Mozilla/5.0 (Windows NT 10.0; Win64; x64) AppleWebKit/537.36 (KHTML, like Gecko) Chrome/84.0.4147.135 Safari/537.36"
::1 - - [24/Aug/2020:19:24:13 +0000] "GET /css/forms.css HTTP/1.1" 304 - "http://localhost:4000/signup" "Mozilla/5.0 (Windows NT 10.0; Win64; x64) AppleWebKit/537.36 (KHTML, like Gecko) Chrome/84.0.4147.135 Safari/537.36"
::1 - - [24/Aug/2020:19:24:13 +0000] "GET /css/auth.css HTTP/1.1" 304 - "http://localhost:4000/signup" "Mozilla/5.0 (Windows NT 10.0; Win64; x64) AppleWebKit/537.36 (KHTML, like Gecko) Chrome/84.0.4147.135 Safari/537.36"
::1 - - [24/Aug/2020:19:24:13 +0000] "GET /js/main.js HTTP/1.1" 304 - "http://localhost:4000/signup" "Mozilla/5.0 (Windows NT 10.0; Win64; x64) AppleWebKit/537.36 (KHTML, like Gecko) Chrome/84.0.4147.135 Safari/537.36"
::1 - - [24/Aug/2020:19:24:15 +0000] "GET /login HTTP/1.1" 200 2630 "http://localhost:4000/signup" "Mozilla/5.0 (Windows NT 10.0; Win64; x64) AppleWebKit/537.36 (KHTML, like Gecko) Chrome/84.0.4147.135 Safari/537.36"
::1 - - [24/Aug/2020:19:24:15 +0000] "GET /css/main.css HTTP/1.1" 304 - "http://localhost:4000/login" "Mozilla/5.0 (Windows NT 10.0; Win64; x64) AppleWebKit/537.36 (KHTML, like Gecko) Chrome/84.0.4147.135 Safari/537.36"
::1 - - [24/Aug/2020:19:24:15 +0000] "GET /css/forms.css HTTP/1.1" 304 - "http://localhost:4000/login" "Mozilla/5.0 (Windows NT 10.0; Win64; x64) AppleWebKit/537.36 (KHTML, like Gecko) Chrome/84.0.4147.135 Safari/537.36"
::1 - - [24/Aug/2020:19:24:15 +0000] "GET /css/auth.css HTTP/1.1" 304 - "http://localhost:4000/login" "Mozilla/5.0 (Windows NT 10.0; Win64; x64) AppleWebKit/537.36 (KHTML, like Gecko) Chrome/84.0.4147.135 Safari/537.36"
::1 - - [24/Aug/2020:19:24:15 +0000] "GET /js/main.js HTTP/1.1" 304 - "http://localhost:4000/login" "Mozilla/5.0 (Windows NT 10.0; Win64; x64) AppleWebKit/537.36 (KHTML, like Gecko) Chrome/84.0.4147.135 Safari/537.36"
::1 - - [24/Aug/2020:19:24:24 +0000] "POST /login HTTP/1.1" 422 2753 "http://localhost:4000/login" "Mozilla/5.0 (Windows NT 10.0; Win64; x64) AppleWebKit/537.36 (KHTML, like Gecko) Chrome/84.0.4147.135 Safari/537.36"
::1 - - [24/Aug/2020:19:24:24 +0000] "GET /css/main.css HTTP/1.1" 304 - "http://localhost:4000/login" "Mozilla/5.0 (Windows NT 10.0; Win64; x64) AppleWebKit/537.36 (KHTML, like Gecko) Chrome/84.0.4147.135 Safari/537.36"
::1 - - [24/Aug/2020:19:24:24 +0000] "GET /css/forms.css HTTP/1.1" 304 - "http://localhost:4000/login" "Mozilla/5.0 (Windows NT 10.0; Win64; x64) AppleWebKit/537.36 (KHTML, like Gecko) Chrome/84.0.4147.135 Safari/537.36"
::1 - - [24/Aug/2020:19:24:24 +0000] "GET /css/auth.css HTTP/1.1" 304 - "http://localhost:4000/login" "Mozilla/5.0 (Windows NT 10.0; Win64; x64) AppleWebKit/537.36 (KHTML, like Gecko) Chrome/84.0.4147.135 Safari/537.36"
::1 - - [24/Aug/2020:19:24:24 +0000] "GET /js/main.js HTTP/1.1" 304 - "http://localhost:4000/login" "Mozilla/5.0 (Windows NT 10.0; Win64; x64) AppleWebKit/537.36 (KHTML, like Gecko) Chrome/84.0.4147.135 Safari/537.36"
::1 - - [24/Aug/2020:19:24:28 +0000] "POST /login HTTP/1.1" 422 2752 "http://localhost:4000/login" "Mozilla/5.0 (Windows NT 10.0; Win64; x64) AppleWebKit/537.36 (KHTML, like Gecko) Chrome/84.0.4147.135 Safari/537.36"
::1 - - [24/Aug/2020:19:24:28 +0000] "GET /css/main.css HTTP/1.1" 304 - "http://localhost:4000/login" "Mozilla/5.0 (Windows NT 10.0; Win64; x64) AppleWebKit/537.36 (KHTML, like Gecko) Chrome/84.0.4147.135 Safari/537.36"
::1 - - [24/Aug/2020:19:24:28 +0000] "GET /css/forms.css HTTP/1.1" 304 - "http://localhost:4000/login" "Mozilla/5.0 (Windows NT 10.0; Win64; x64) AppleWebKit/537.36 (KHTML, like Gecko) Chrome/84.0.4147.135 Safari/537.36"
::1 - - [24/Aug/2020:19:24:28 +0000] "GET /css/auth.css HTTP/1.1" 304 - "http://localhost:4000/login" "Mozilla/5.0 (Windows NT 10.0; Win64; x64) AppleWebKit/537.36 (KHTML, like Gecko) Chrome/84.0.4147.135 Safari/537.36"
::1 - - [24/Aug/2020:19:24:28 +0000] "GET /js/main.js HTTP/1.1" 304 - "http://localhost:4000/login" "Mozilla/5.0 (Windows NT 10.0; Win64; x64) AppleWebKit/537.36 (KHTML, like Gecko) Chrome/84.0.4147.135 Safari/537.36"
::1 - - [24/Aug/2020:19:24:33 +0000] "POST /login HTTP/1.1" 302 46 "http://localhost:4000/login" "Mozilla/5.0 (Windows NT 10.0; Win64; x64) AppleWebKit/537.36 (KHTML, like Gecko) Chrome/84.0.4147.135 Safari/537.36"
::1 - - [24/Aug/2020:19:24:33 +0000] "GET / HTTP/1.1" 200 5443 "http://localhost:4000/login" "Mozilla/5.0 (Windows NT 10.0; Win64; x64) AppleWebKit/537.36 (KHTML, like Gecko) Chrome/84.0.4147.135 Safari/537.36"
::1 - - [24/Aug/2020:19:24:33 +0000] "GET /css/main.css HTTP/1.1" 304 - "http://localhost:4000/" "Mozilla/5.0 (Windows NT 10.0; Win64; x64) AppleWebKit/537.36 (KHTML, like Gecko) Chrome/84.0.4147.135 Safari/537.36"
::1 - - [24/Aug/2020:19:24:33 +0000] "GET /css/product.css HTTP/1.1" 304 - "http://localhost:4000/" "Mozilla/5.0 (Windows NT 10.0; Win64; x64) AppleWebKit/537.36 (KHTML, like Gecko) Chrome/84.0.4147.135 Safari/537.36"
::1 - - [24/Aug/2020:19:24:33 +0000] "GET /js/main.js HTTP/1.1" 304 - "http://localhost:4000/" "Mozilla/5.0 (Windows NT 10.0; Win64; x64) AppleWebKit/537.36 (KHTML, like Gecko) Chrome/84.0.4147.135 Safari/537.36"
::1 - - [24/Aug/2020:19:24:33 +0000] "GET /images/1591312495223-5dc54830191d4f0e8e339f23b.jpg HTTP/1.1" 304 - "http://localhost:4000/" "Mozilla/5.0 (Windows NT 10.0; Win64; x64) AppleWebKit/537.36 (KHTML, like Gecko) Chrome/84.0.4147.135 Safari/537.36"
::1 - - [24/Aug/2020:19:24:33 +0000] "GET /images/1591330156321-0_GettyImages-1210995196.jpg HTTP/1.1" 304 - "http://localhost:4000/" "Mozilla/5.0 (Windows NT 10.0; Win64; x64) AppleWebKit/537.36 (KHTML, like Gecko) Chrome/84.0.4147.135 Safari/537.36"
::1 - - [24/Aug/2020:19:24:39 +0000] "GET /?page=2 HTTP/1.1" 200 4348 "http://localhost:4000/" "Mozilla/5.0 (Windows NT 10.0; Win64; x64) AppleWebKit/537.36 (KHTML, like Gecko) Chrome/84.0.4147.135 Safari/537.36"
::1 - - [24/Aug/2020:19:24:39 +0000] "GET /css/main.css HTTP/1.1" 304 - "http://localhost:4000/?page=2" "Mozilla/5.0 (Windows NT 10.0; Win64; x64) AppleWebKit/537.36 (KHTML, like Gecko) Chrome/84.0.4147.135 Safari/537.36"
::1 - - [24/Aug/2020:19:24:39 +0000] "GET /css/product.css HTTP/1.1" 304 - "http://localhost:4000/?page=2" "Mozilla/5.0 (Windows NT 10.0; Win64; x64) AppleWebKit/537.36 (KHTML, like Gecko) Chrome/84.0.4147.135 Safari/537.36"
::1 - - [24/Aug/2020:19:24:39 +0000] "GET /js/main.js HTTP/1.1" 304 - "http://localhost:4000/?page=2" "Mozilla/5.0 (Windows NT 10.0; Win64; x64) AppleWebKit/537.36 (KHTML, like Gecko) Chrome/84.0.4147.135 Safari/537.36"
::1 - - [24/Aug/2020:19:24:39 +0000] "GET /images/1591330240288-college-football-general.jpg HTTP/1.1" 200 99480 "http://localhost:4000/?page=2" "Mozilla/5.0 (Windows NT 10.0; Win64; x64) AppleWebKit/537.36 (KHTML, like Gecko) Chrome/84.0.4147.135 Safari/537.36"
::1 - - [24/Aug/2020:19:24:46 +0000] "POST /logout HTTP/1.1" 302 46 "http://localhost:4000/?page=2" "Mozilla/5.0 (Windows NT 10.0; Win64; x64) AppleWebKit/537.36 (KHTML, like Gecko) Chrome/84.0.4147.135 Safari/537.36"
::1 - - [24/Aug/2020:19:24:47 +0000] "GET / HTTP/1.1" 200 3592 "http://localhost:4000/?page=2" "Mozilla/5.0 (Windows NT 10.0; Win64; x64) AppleWebKit/537.36 (KHTML, like Gecko) Chrome/84.0.4147.135 Safari/537.36"
::1 - - [24/Aug/2020:19:24:47 +0000] "GET /css/main.css HTTP/1.1" 304 - "http://localhost:4000/" "Mozilla/5.0 (Windows NT 10.0; Win64; x64) AppleWebKit/537.36 (KHTML, like Gecko) Chrome/84.0.4147.135 Safari/537.36"
::1 - - [24/Aug/2020:19:24:47 +0000] "GET /css/product.css HTTP/1.1" 304 - "http://localhost:4000/" "Mozilla/5.0 (Windows NT 10.0; Win64; x64) AppleWebKit/537.36 (KHTML, like Gecko) Chrome/84.0.4147.135 Safari/537.36"
::1 - - [24/Aug/2020:19:24:47 +0000] "GET /js/main.js HTTP/1.1" 304 - "http://localhost:4000/" "Mozilla/5.0 (Windows NT 10.0; Win64; x64) AppleWebKit/537.36 (KHTML, like Gecko) Chrome/84.0.4147.135 Safari/537.36"
::1 - - [24/Aug/2020:19:24:47 +0000] "GET /images/1591312495223-5dc54830191d4f0e8e339f23b.jpg HTTP/1.1" 304 - "http://localhost:4000/" "Mozilla/5.0 (Windows NT 10.0; Win64; x64) AppleWebKit/537.36 (KHTML, like Gecko) Chrome/84.0.4147.135 Safari/537.36"
::1 - - [24/Aug/2020:19:24:47 +0000] "GET /images/1591330156321-0_GettyImages-1210995196.jpg HTTP/1.1" 304 - "http://localhost:4000/" "Mozilla/5.0 (Windows NT 10.0; Win64; x64) AppleWebKit/537.36 (KHTML, like Gecko) Chrome/84.0.4147.135 Safari/537.36"
::1 - - [24/Aug/2020:19:25:04 +0000] "GET /signup HTTP/1.1" 200 2945 "http://localhost:4000/" "Mozilla/5.0 (Windows NT 10.0; Win64; x64) AppleWebKit/537.36 (KHTML, like Gecko) Chrome/84.0.4147.135 Safari/537.36"
::1 - - [24/Aug/2020:19:25:04 +0000] "GET /css/main.css HTTP/1.1" 304 - "http://localhost:4000/signup" "Mozilla/5.0 (Windows NT 10.0; Win64; x64) AppleWebKit/537.36 (KHTML, like Gecko) Chrome/84.0.4147.135 Safari/537.36"
::1 - - [24/Aug/2020:19:25:04 +0000] "GET /css/forms.css HTTP/1.1" 304 - "http://localhost:4000/signup" "Mozilla/5.0 (Windows NT 10.0; Win64; x64) AppleWebKit/537.36 (KHTML, like Gecko) Chrome/84.0.4147.135 Safari/537.36"
::1 - - [24/Aug/2020:19:25:04 +0000] "GET /css/auth.css HTTP/1.1" 304 - "http://localhost:4000/signup" "Mozilla/5.0 (Windows NT 10.0; Win64; x64) AppleWebKit/537.36 (KHTML, like Gecko) Chrome/84.0.4147.135 Safari/537.36"
::1 - - [24/Aug/2020:19:25:04 +0000] "GET /js/main.js HTTP/1.1" 304 - "http://localhost:4000/signup" "Mozilla/5.0 (Windows NT 10.0; Win64; x64) AppleWebKit/537.36 (KHTML, like Gecko) Chrome/84.0.4147.135 Safari/537.36"
::1 - - [24/Aug/2020:19:25:05 +0000] "GET /login HTTP/1.1" 200 2630 "http://localhost:4000/signup" "Mozilla/5.0 (Windows NT 10.0; Win64; x64) AppleWebKit/537.36 (KHTML, like Gecko) Chrome/84.0.4147.135 Safari/537.36"
::1 - - [24/Aug/2020:19:25:05 +0000] "GET /css/main.css HTTP/1.1" 304 - "http://localhost:4000/login" "Mozilla/5.0 (Windows NT 10.0; Win64; x64) AppleWebKit/537.36 (KHTML, like Gecko) Chrome/84.0.4147.135 Safari/537.36"
::1 - - [24/Aug/2020:19:25:05 +0000] "GET /css/forms.css HTTP/1.1" 304 - "http://localhost:4000/login" "Mozilla/5.0 (Windows NT 10.0; Win64; x64) AppleWebKit/537.36 (KHTML, like Gecko) Chrome/84.0.4147.135 Safari/537.36"
::1 - - [24/Aug/2020:19:25:05 +0000] "GET /css/auth.css HTTP/1.1" 304 - "http://localhost:4000/login" "Mozilla/5.0 (Windows NT 10.0; Win64; x64) AppleWebKit/537.36 (KHTML, like Gecko) Chrome/84.0.4147.135 Safari/537.36"
::1 - - [24/Aug/2020:19:25:05 +0000] "GET /js/main.js HTTP/1.1" 304 - "http://localhost:4000/login" "Mozilla/5.0 (Windows NT 10.0; Win64; x64) AppleWebKit/537.36 (KHTML, like Gecko) Chrome/84.0.4147.135 Safari/537.36"
::1 - - [24/Aug/2020:19:25:06 +0000] "GET /signup HTTP/1.1" 200 2945 "http://localhost:4000/login" "Mozilla/5.0 (Windows NT 10.0; Win64; x64) AppleWebKit/537.36 (KHTML, like Gecko) Chrome/84.0.4147.135 Safari/537.36"
::1 - - [24/Aug/2020:19:25:06 +0000] "GET /css/main.css HTTP/1.1" 304 - "http://localhost:4000/signup" "Mozilla/5.0 (Windows NT 10.0; Win64; x64) AppleWebKit/537.36 (KHTML, like Gecko) Chrome/84.0.4147.135 Safari/537.36"
::1 - - [24/Aug/2020:19:25:06 +0000] "GET /css/forms.css HTTP/1.1" 304 - "http://localhost:4000/signup" "Mozilla/5.0 (Windows NT 10.0; Win64; x64) AppleWebKit/537.36 (KHTML, like Gecko) Chrome/84.0.4147.135 Safari/537.36"
::1 - - [24/Aug/2020:19:25:06 +0000] "GET /css/auth.css HTTP/1.1" 304 - "http://localhost:4000/signup" "Mozilla/5.0 (Windows NT 10.0; Win64; x64) AppleWebKit/537.36 (KHTML, like Gecko) Chrome/84.0.4147.135 Safari/537.36"
::1 - - [24/Aug/2020:19:25:06 +0000] "GET /js/main.js HTTP/1.1" 304 - "http://localhost:4000/signup" "Mozilla/5.0 (Windows NT 10.0; Win64; x64) AppleWebKit/537.36 (KHTML, like Gecko) Chrome/84.0.4147.135 Safari/537.36"
::1 - - [24/Aug/2020:19:27:08 +0000] "GET /products HTTP/1.1" 200 3888 "http://localhost:4000/signup" "Mozilla/5.0 (Windows NT 10.0; Win64; x64) AppleWebKit/537.36 (KHTML, like Gecko) Chrome/84.0.4147.135 Safari/537.36"
::1 - - [24/Aug/2020:19:27:08 +0000] "GET /css/main.css HTTP/1.1" 304 - "http://localhost:4000/products" "Mozilla/5.0 (Windows NT 10.0; Win64; x64) AppleWebKit/537.36 (KHTML, like Gecko) Chrome/84.0.4147.135 Safari/537.36"
::1 - - [24/Aug/2020:19:27:08 +0000] "GET /css/product.css HTTP/1.1" 304 - "http://localhost:4000/products" "Mozilla/5.0 (Windows NT 10.0; Win64; x64) AppleWebKit/537.36 (KHTML, like Gecko) Chrome/84.0.4147.135 Safari/537.36"
::1 - - [24/Aug/2020:19:27:08 +0000] "GET /js/main.js HTTP/1.1" 304 - "http://localhost:4000/products" "Mozilla/5.0 (Windows NT 10.0; Win64; x64) AppleWebKit/537.36 (KHTML, like Gecko) Chrome/84.0.4147.135 Safari/537.36"
::1 - - [24/Aug/2020:19:27:08 +0000] "GET /images/1591312495223-5dc54830191d4f0e8e339f23b.jpg HTTP/1.1" 304 - "http://localhost:4000/products" "Mozilla/5.0 (Windows NT 10.0; Win64; x64) AppleWebKit/537.36 (KHTML, like Gecko) Chrome/84.0.4147.135 Safari/537.36"
::1 - - [24/Aug/2020:19:27:08 +0000] "GET /images/1591330156321-0_GettyImages-1210995196.jpg HTTP/1.1" 304 - "http://localhost:4000/products" "Mozilla/5.0 (Windows NT 10.0; Win64; x64) AppleWebKit/537.36 (KHTML, like Gecko) Chrome/84.0.4147.135 Safari/537.36"
::1 - - [24/Aug/2020:19:27:09 +0000] "GET / HTTP/1.1" 304 - "http://localhost:4000/products" "Mozilla/5.0 (Windows NT 10.0; Win64; x64) AppleWebKit/537.36 (KHTML, like Gecko) Chrome/84.0.4147.135 Safari/537.36"
::1 - - [24/Aug/2020:19:27:09 +0000] "GET /css/main.css HTTP/1.1" 304 - "http://localhost:4000/" "Mozilla/5.0 (Windows NT 10.0; Win64; x64) AppleWebKit/537.36 (KHTML, like Gecko) Chrome/84.0.4147.135 Safari/537.36"
::1 - - [24/Aug/2020:19:27:09 +0000] "GET /css/product.css HTTP/1.1" 304 - "http://localhost:4000/" "Mozilla/5.0 (Windows NT 10.0; Win64; x64) AppleWebKit/537.36 (KHTML, like Gecko) Chrome/84.0.4147.135 Safari/537.36"
::1 - - [24/Aug/2020:19:27:09 +0000] "GET /js/main.js HTTP/1.1" 304 - "http://localhost:4000/" "Mozilla/5.0 (Windows NT 10.0; Win64; x64) AppleWebKit/537.36 (KHTML, like Gecko) Chrome/84.0.4147.135 Safari/537.36"
::1 - - [24/Aug/2020:19:27:09 +0000] "GET /images/1591312495223-5dc54830191d4f0e8e339f23b.jpg HTTP/1.1" 304 - "http://localhost:4000/" "Mozilla/5.0 (Windows NT 10.0; Win64; x64) AppleWebKit/537.36 (KHTML, like Gecko) Chrome/84.0.4147.135 Safari/537.36"
::1 - - [24/Aug/2020:19:27:09 +0000] "GET /images/1591330156321-0_GettyImages-1210995196.jpg HTTP/1.1" 304 - "http://localhost:4000/" "Mozilla/5.0 (Windows NT 10.0; Win64; x64) AppleWebKit/537.36 (KHTML, like Gecko) Chrome/84.0.4147.135 Safari/537.36"
::1 - - [24/Aug/2020:19:27:10 +0000] "GET /login HTTP/1.1" 200 2630 "http://localhost:4000/" "Mozilla/5.0 (Windows NT 10.0; Win64; x64) AppleWebKit/537.36 (KHTML, like Gecko) Chrome/84.0.4147.135 Safari/537.36"
::1 - - [24/Aug/2020:19:27:10 +0000] "GET /css/main.css HTTP/1.1" 304 - "http://localhost:4000/login" "Mozilla/5.0 (Windows NT 10.0; Win64; x64) AppleWebKit/537.36 (KHTML, like Gecko) Chrome/84.0.4147.135 Safari/537.36"
::1 - - [24/Aug/2020:19:27:10 +0000] "GET /css/forms.css HTTP/1.1" 304 - "http://localhost:4000/login" "Mozilla/5.0 (Windows NT 10.0; Win64; x64) AppleWebKit/537.36 (KHTML, like Gecko) Chrome/84.0.4147.135 Safari/537.36"
::1 - - [24/Aug/2020:19:27:10 +0000] "GET /css/auth.css HTTP/1.1" 304 - "http://localhost:4000/login" "Mozilla/5.0 (Windows NT 10.0; Win64; x64) AppleWebKit/537.36 (KHTML, like Gecko) Chrome/84.0.4147.135 Safari/537.36"
::1 - - [24/Aug/2020:19:27:10 +0000] "GET /js/main.js HTTP/1.1" 304 - "http://localhost:4000/login" "Mozilla/5.0 (Windows NT 10.0; Win64; x64) AppleWebKit/537.36 (KHTML, like Gecko) Chrome/84.0.4147.135 Safari/537.36"
::1 - - [24/Aug/2020:19:27:15 +0000] "POST /login HTTP/1.1" 302 46 "http://localhost:4000/login" "Mozilla/5.0 (Windows NT 10.0; Win64; x64) AppleWebKit/537.36 (KHTML, like Gecko) Chrome/84.0.4147.135 Safari/537.36"
::1 - - [24/Aug/2020:19:27:15 +0000] "GET / HTTP/1.1" 200 5443 "http://localhost:4000/login" "Mozilla/5.0 (Windows NT 10.0; Win64; x64) AppleWebKit/537.36 (KHTML, like Gecko) Chrome/84.0.4147.135 Safari/537.36"
::1 - - [24/Aug/2020:19:27:15 +0000] "GET /css/main.css HTTP/1.1" 304 - "http://localhost:4000/" "Mozilla/5.0 (Windows NT 10.0; Win64; x64) AppleWebKit/537.36 (KHTML, like Gecko) Chrome/84.0.4147.135 Safari/537.36"
::1 - - [24/Aug/2020:19:27:15 +0000] "GET /css/product.css HTTP/1.1" 304 - "http://localhost:4000/" "Mozilla/5.0 (Windows NT 10.0; Win64; x64) AppleWebKit/537.36 (KHTML, like Gecko) Chrome/84.0.4147.135 Safari/537.36"
::1 - - [24/Aug/2020:19:27:15 +0000] "GET /js/main.js HTTP/1.1" 304 - "http://localhost:4000/" "Mozilla/5.0 (Windows NT 10.0; Win64; x64) AppleWebKit/537.36 (KHTML, like Gecko) Chrome/84.0.4147.135 Safari/537.36"
::1 - - [24/Aug/2020:19:27:15 +0000] "GET /images/1591312495223-5dc54830191d4f0e8e339f23b.jpg HTTP/1.1" 304 - "http://localhost:4000/" "Mozilla/5.0 (Windows NT 10.0; Win64; x64) AppleWebKit/537.36 (KHTML, like Gecko) Chrome/84.0.4147.135 Safari/537.36"
::1 - - [24/Aug/2020:19:27:15 +0000] "GET /images/1591330156321-0_GettyImages-1210995196.jpg HTTP/1.1" 304 - "http://localhost:4000/" "Mozilla/5.0 (Windows NT 10.0; Win64; x64) AppleWebKit/537.36 (KHTML, like Gecko) Chrome/84.0.4147.135 Safari/537.36"
::1 - - [24/Aug/2020:19:27:18 +0000] "GET /admin/products HTTP/1.1" 200 6804 "http://localhost:4000/" "Mozilla/5.0 (Windows NT 10.0; Win64; x64) AppleWebKit/537.36 (KHTML, like Gecko) Chrome/84.0.4147.135 Safari/537.36"
::1 - - [24/Aug/2020:19:27:18 +0000] "GET /css/main.css HTTP/1.1" 304 - "http://localhost:4000/admin/products" "Mozilla/5.0 (Windows NT 10.0; Win64; x64) AppleWebKit/537.36 (KHTML, like Gecko) Chrome/84.0.4147.135 Safari/537.36"
::1 - - [24/Aug/2020:19:27:18 +0000] "GET /css/product.css HTTP/1.1" 304 - "http://localhost:4000/admin/products" "Mozilla/5.0 (Windows NT 10.0; Win64; x64) AppleWebKit/537.36 (KHTML, like Gecko) Chrome/84.0.4147.135 Safari/537.36"
::1 - - [24/Aug/2020:19:27:18 +0000] "GET /js/main.js HTTP/1.1" 304 - "http://localhost:4000/admin/products" "Mozilla/5.0 (Windows NT 10.0; Win64; x64) AppleWebKit/537.36 (KHTML, like Gecko) Chrome/84.0.4147.135 Safari/537.36"
::1 - - [24/Aug/2020:19:27:18 +0000] "GET /js/admin.js HTTP/1.1" 200 655 "http://localhost:4000/admin/products" "Mozilla/5.0 (Windows NT 10.0; Win64; x64) AppleWebKit/537.36 (KHTML, like Gecko) Chrome/84.0.4147.135 Safari/537.36"
::1 - - [24/Aug/2020:19:27:18 +0000] "GET /images/1591312495223-5dc54830191d4f0e8e339f23b.jpg HTTP/1.1" 304 - "http://localhost:4000/admin/products" "Mozilla/5.0 (Windows NT 10.0; Win64; x64) AppleWebKit/537.36 (KHTML, like Gecko) Chrome/84.0.4147.135 Safari/537.36"
::1 - - [24/Aug/2020:19:27:18 +0000] "GET /images/1591330156321-0_GettyImages-1210995196.jpg HTTP/1.1" 304 - "http://localhost:4000/admin/products" "Mozilla/5.0 (Windows NT 10.0; Win64; x64) AppleWebKit/537.36 (KHTML, like Gecko) Chrome/84.0.4147.135 Safari/537.36"
::1 - - [24/Aug/2020:19:27:18 +0000] "GET /images/1591330240288-college-football-general.jpg HTTP/1.1" 304 - "http://localhost:4000/admin/products" "Mozilla/5.0 (Windows NT 10.0; Win64; x64) AppleWebKit/537.36 (KHTML, like Gecko) Chrome/84.0.4147.135 Safari/537.36"
::1 - - [24/Aug/2020:19:27:21 +0000] "GET /admin/edit-product/5ed9c56cb82e332a44daa18f?edit=true HTTP/1.1" 200 4732 "http://localhost:4000/admin/products" "Mozilla/5.0 (Windows NT 10.0; Win64; x64) AppleWebKit/537.36 (KHTML, like Gecko) Chrome/84.0.4147.135 Safari/537.36"
::1 - - [24/Aug/2020:19:27:22 +0000] "GET /css/main.css HTTP/1.1" 304 - "http://localhost:4000/admin/edit-product/5ed9c56cb82e332a44daa18f?edit=true" "Mozilla/5.0 (Windows NT 10.0; Win64; x64) AppleWebKit/537.36 (KHTML, like Gecko) Chrome/84.0.4147.135 Safari/537.36"
::1 - - [24/Aug/2020:19:27:22 +0000] "GET /css/forms.css HTTP/1.1" 304 - "http://localhost:4000/admin/edit-product/5ed9c56cb82e332a44daa18f?edit=true" "Mozilla/5.0 (Windows NT 10.0; Win64; x64) AppleWebKit/537.36 (KHTML, like Gecko) Chrome/84.0.4147.135 Safari/537.36"
::1 - - [24/Aug/2020:19:27:22 +0000] "GET /css/product.css HTTP/1.1" 304 - "http://localhost:4000/admin/edit-product/5ed9c56cb82e332a44daa18f?edit=true" "Mozilla/5.0 (Windows NT 10.0; Win64; x64) AppleWebKit/537.36 (KHTML, like Gecko) Chrome/84.0.4147.135 Safari/537.36"
::1 - - [24/Aug/2020:19:27:22 +0000] "GET /js/main.js HTTP/1.1" 304 - "http://localhost:4000/admin/edit-product/5ed9c56cb82e332a44daa18f?edit=true" "Mozilla/5.0 (Windows NT 10.0; Win64; x64) AppleWebKit/537.36 (KHTML, like Gecko) Chrome/84.0.4147.135 Safari/537.36"
::1 - - [24/Aug/2020:19:27:23 +0000] "POST /admin/edit-product HTTP/1.1" 302 74 "http://localhost:4000/admin/edit-product/5ed9c56cb82e332a44daa18f?edit=true" "Mozilla/5.0 (Windows NT 10.0; Win64; x64) AppleWebKit/537.36 (KHTML, like Gecko) Chrome/84.0.4147.135 Safari/537.36"
::1 - - [24/Aug/2020:19:27:23 +0000] "GET /admin/products HTTP/1.1" 200 6804 "http://localhost:4000/admin/edit-product/5ed9c56cb82e332a44daa18f?edit=true" "Mozilla/5.0 (Windows NT 10.0; Win64; x64) AppleWebKit/537.36 (KHTML, like Gecko) Chrome/84.0.4147.135 Safari/537.36"
::1 - - [24/Aug/2020:19:27:23 +0000] "GET /css/main.css HTTP/1.1" 304 - "http://localhost:4000/admin/products" "Mozilla/5.0 (Windows NT 10.0; Win64; x64) AppleWebKit/537.36 (KHTML, like Gecko) Chrome/84.0.4147.135 Safari/537.36"
::1 - - [24/Aug/2020:19:27:23 +0000] "GET /css/product.css HTTP/1.1" 304 - "http://localhost:4000/admin/products" "Mozilla/5.0 (Windows NT 10.0; Win64; x64) AppleWebKit/537.36 (KHTML, like Gecko) Chrome/84.0.4147.135 Safari/537.36"
::1 - - [24/Aug/2020:19:27:23 +0000] "GET /js/main.js HTTP/1.1" 304 - "http://localhost:4000/admin/products" "Mozilla/5.0 (Windows NT 10.0; Win64; x64) AppleWebKit/537.36 (KHTML, like Gecko) Chrome/84.0.4147.135 Safari/537.36"
::1 - - [24/Aug/2020:19:27:23 +0000] "GET /js/admin.js HTTP/1.1" 304 - "http://localhost:4000/admin/products" "Mozilla/5.0 (Windows NT 10.0; Win64; x64) AppleWebKit/537.36 (KHTML, like Gecko) Chrome/84.0.4147.135 Safari/537.36"
::1 - - [24/Aug/2020:19:27:23 +0000] "GET /images/1591312495223-5dc54830191d4f0e8e339f23b.jpg HTTP/1.1" 304 - "http://localhost:4000/admin/products" "Mozilla/5.0 (Windows NT 10.0; Win64; x64) AppleWebKit/537.36 (KHTML, like Gecko) Chrome/84.0.4147.135 Safari/537.36"
::1 - - [24/Aug/2020:19:27:23 +0000] "GET /images/1591330156321-0_GettyImages-1210995196.jpg HTTP/1.1" 304 - "http://localhost:4000/admin/products" "Mozilla/5.0 (Windows NT 10.0; Win64; x64) AppleWebKit/537.36 (KHTML, like Gecko) Chrome/84.0.4147.135 Safari/537.36"
::1 - - [24/Aug/2020:19:27:23 +0000] "GET /images/1591330240288-college-football-general.jpg HTTP/1.1" 304 - "http://localhost:4000/admin/products" "Mozilla/5.0 (Windows NT 10.0; Win64; x64) AppleWebKit/537.36 (KHTML, like Gecko) Chrome/84.0.4147.135 Safari/537.36"
::1 - - [24/Aug/2020:19:27:24 +0000] "GET /admin/add-product HTTP/1.1" 200 4549 "http://localhost:4000/admin/products" "Mozilla/5.0 (Windows NT 10.0; Win64; x64) AppleWebKit/537.36 (KHTML, like Gecko) Chrome/84.0.4147.135 Safari/537.36"
::1 - - [24/Aug/2020:19:27:24 +0000] "GET /css/main.css HTTP/1.1" 304 - "http://localhost:4000/admin/add-product" "Mozilla/5.0 (Windows NT 10.0; Win64; x64) AppleWebKit/537.36 (KHTML, like Gecko) Chrome/84.0.4147.135 Safari/537.36"
::1 - - [24/Aug/2020:19:27:24 +0000] "GET /css/forms.css HTTP/1.1" 304 - "http://localhost:4000/admin/add-product" "Mozilla/5.0 (Windows NT 10.0; Win64; x64) AppleWebKit/537.36 (KHTML, like Gecko) Chrome/84.0.4147.135 Safari/537.36"
::1 - - [24/Aug/2020:19:27:24 +0000] "GET /css/product.css HTTP/1.1" 304 - "http://localhost:4000/admin/add-product" "Mozilla/5.0 (Windows NT 10.0; Win64; x64) AppleWebKit/537.36 (KHTML, like Gecko) Chrome/84.0.4147.135 Safari/537.36"
::1 - - [24/Aug/2020:19:27:24 +0000] "GET /js/main.js HTTP/1.1" 304 - "http://localhost:4000/admin/add-product" "Mozilla/5.0 (Windows NT 10.0; Win64; x64) AppleWebKit/537.36 (KHTML, like Gecko) Chrome/84.0.4147.135 Safari/537.36"
::1 - - [24/Aug/2020:19:27:27 +0000] "GET /orders HTTP/1.1" 200 4091 "http://localhost:4000/admin/add-product" "Mozilla/5.0 (Windows NT 10.0; Win64; x64) AppleWebKit/537.36 (KHTML, like Gecko) Chrome/84.0.4147.135 Safari/537.36"
::1 - - [24/Aug/2020:19:27:27 +0000] "GET /css/main.css HTTP/1.1" 304 - "http://localhost:4000/orders" "Mozilla/5.0 (Windows NT 10.0; Win64; x64) AppleWebKit/537.36 (KHTML, like Gecko) Chrome/84.0.4147.135 Safari/537.36"
::1 - - [24/Aug/2020:19:27:27 +0000] "GET /css/orders.css HTTP/1.1" 200 419 "http://localhost:4000/orders" "Mozilla/5.0 (Windows NT 10.0; Win64; x64) AppleWebKit/537.36 (KHTML, like Gecko) Chrome/84.0.4147.135 Safari/537.36"
::1 - - [24/Aug/2020:19:27:27 +0000] "GET /js/main.js HTTP/1.1" 304 - "http://localhost:4000/orders" "Mozilla/5.0 (Windows NT 10.0; Win64; x64) AppleWebKit/537.36 (KHTML, like Gecko) Chrome/84.0.4147.135 Safari/537.36"
::1 - - [24/Aug/2020:19:27:28 +0000] "GET /cart HTTP/1.1" 200 4008 "http://localhost:4000/orders" "Mozilla/5.0 (Windows NT 10.0; Win64; x64) AppleWebKit/537.36 (KHTML, like Gecko) Chrome/84.0.4147.135 Safari/537.36"
::1 - - [24/Aug/2020:19:27:28 +0000] "GET /css/main.css HTTP/1.1" 304 - "http://localhost:4000/cart" "Mozilla/5.0 (Windows NT 10.0; Win64; x64) AppleWebKit/537.36 (KHTML, like Gecko) Chrome/84.0.4147.135 Safari/537.36"
::1 - - [24/Aug/2020:19:27:28 +0000] "GET /css/cart.css HTTP/1.1" 200 387 "http://localhost:4000/cart" "Mozilla/5.0 (Windows NT 10.0; Win64; x64) AppleWebKit/537.36 (KHTML, like Gecko) Chrome/84.0.4147.135 Safari/537.36"
::1 - - [24/Aug/2020:19:27:28 +0000] "GET /js/main.js HTTP/1.1" 304 - "http://localhost:4000/cart" "Mozilla/5.0 (Windows NT 10.0; Win64; x64) AppleWebKit/537.36 (KHTML, like Gecko) Chrome/84.0.4147.135 Safari/537.36"
::1 - - [24/Aug/2020:19:27:29 +0000] "GET /orders HTTP/1.1" 200 4091 "http://localhost:4000/cart" "Mozilla/5.0 (Windows NT 10.0; Win64; x64) AppleWebKit/537.36 (KHTML, like Gecko) Chrome/84.0.4147.135 Safari/537.36"
::1 - - [24/Aug/2020:19:27:29 +0000] "GET /css/main.css HTTP/1.1" 304 - "http://localhost:4000/orders" "Mozilla/5.0 (Windows NT 10.0; Win64; x64) AppleWebKit/537.36 (KHTML, like Gecko) Chrome/84.0.4147.135 Safari/537.36"
::1 - - [24/Aug/2020:19:27:29 +0000] "GET /css/orders.css HTTP/1.1" 304 - "http://localhost:4000/orders" "Mozilla/5.0 (Windows NT 10.0; Win64; x64) AppleWebKit/537.36 (KHTML, like Gecko) Chrome/84.0.4147.135 Safari/537.36"
::1 - - [24/Aug/2020:19:27:29 +0000] "GET /js/main.js HTTP/1.1" 304 - "http://localhost:4000/orders" "Mozilla/5.0 (Windows NT 10.0; Win64; x64) AppleWebKit/537.36 (KHTML, like Gecko) Chrome/84.0.4147.135 Safari/537.36"
::1 - - [24/Aug/2020:19:27:30 +0000] "GET /cart HTTP/1.1" 200 4008 "http://localhost:4000/orders" "Mozilla/5.0 (Windows NT 10.0; Win64; x64) AppleWebKit/537.36 (KHTML, like Gecko) Chrome/84.0.4147.135 Safari/537.36"
::1 - - [24/Aug/2020:19:27:30 +0000] "GET /css/main.css HTTP/1.1" 304 - "http://localhost:4000/cart" "Mozilla/5.0 (Windows NT 10.0; Win64; x64) AppleWebKit/537.36 (KHTML, like Gecko) Chrome/84.0.4147.135 Safari/537.36"
::1 - - [24/Aug/2020:19:27:30 +0000] "GET /css/cart.css HTTP/1.1" 304 - "http://localhost:4000/cart" "Mozilla/5.0 (Windows NT 10.0; Win64; x64) AppleWebKit/537.36 (KHTML, like Gecko) Chrome/84.0.4147.135 Safari/537.36"
::1 - - [24/Aug/2020:19:27:30 +0000] "GET /js/main.js HTTP/1.1" 304 - "http://localhost:4000/cart" "Mozilla/5.0 (Windows NT 10.0; Win64; x64) AppleWebKit/537.36 (KHTML, like Gecko) Chrome/84.0.4147.135 Safari/537.36"
::1 - - [24/Aug/2020:19:27:34 +0000] "GET /orders HTTP/1.1" 200 4091 "http://localhost:4000/cart" "Mozilla/5.0 (Windows NT 10.0; Win64; x64) AppleWebKit/537.36 (KHTML, like Gecko) Chrome/84.0.4147.135 Safari/537.36"
::1 - - [24/Aug/2020:19:27:34 +0000] "GET /css/main.css HTTP/1.1" 304 - "http://localhost:4000/orders" "Mozilla/5.0 (Windows NT 10.0; Win64; x64) AppleWebKit/537.36 (KHTML, like Gecko) Chrome/84.0.4147.135 Safari/537.36"
::1 - - [24/Aug/2020:19:27:34 +0000] "GET /css/orders.css HTTP/1.1" 304 - "http://localhost:4000/orders" "Mozilla/5.0 (Windows NT 10.0; Win64; x64) AppleWebKit/537.36 (KHTML, like Gecko) Chrome/84.0.4147.135 Safari/537.36"
::1 - - [24/Aug/2020:19:27:34 +0000] "GET /js/main.js HTTP/1.1" 304 - "http://localhost:4000/orders" "Mozilla/5.0 (Windows NT 10.0; Win64; x64) AppleWebKit/537.36 (KHTML, like Gecko) Chrome/84.0.4147.135 Safari/537.36"
::1 - - [24/Aug/2020:19:27:36 +0000] "GET /orders/5eda2adf4484cd1044570e9f HTTP/1.1" 200 - "http://localhost:4000/orders" "Mozilla/5.0 (Windows NT 10.0; Win64; x64) AppleWebKit/537.36 (KHTML, like Gecko) Chrome/84.0.4147.135 Safari/537.36"
::1 - - [24/Aug/2020:19:27:46 +0000] "GET /orders/5ed94c0ca7297532acb06934 HTTP/1.1" 200 - "http://localhost:4000/orders" "Mozilla/5.0 (Windows NT 10.0; Win64; x64) AppleWebKit/537.36 (KHTML, like Gecko) Chrome/84.0.4147.135 Safari/537.36"
